Customer purchased: Ticket ID: 1
Vendor added: Ticket ID: 1
System started with configuration: Total Tickets: 2, Max Capacity: 10
Vendor added: Ticket ID: 2
Vendor added: Ticket ID: 3
Vendor added: Ticket ID: 4
Vendor added: Ticket ID: 5
Customer purchased: Ticket ID: 2
Vendor finished adding tickets.
Customer finished purchasing tickets.
System stopped.
System started with configuration: Total Tickets: 10, Max Capacity: 5
Vendor added: Ticket ID: 6
Customer purchased: Ticket ID: 6
Vendor added: Ticket ID: 7
Vendor added: Ticket ID: 8
Vendor added: Ticket ID: 9
Vendor added: Ticket ID: 10
Customer purchased: Ticket ID: 7
Vendor added: Ticket ID: 11
Vendor added: Ticket ID: 12
Customer purchased: Ticket ID: 8
Vendor added: Ticket ID: 13
Customer purchased: Ticket ID: 9
Vendor added: Ticket ID: 14
Customer purchased: Ticket ID: 10
Vendor added: Ticket ID: 15
Customer purchased: Ticket ID: 11
Vendor added: Ticket ID: 16
Vendor added: Ticket ID: 17
Vendor added: Ticket ID: 18
Vendor added: Ticket ID: 19
Vendor added: Ticket ID: 20
Customer purchased: Ticket ID: 12
Vendor added: Ticket ID: 21
Vendor added: Ticket ID: 22
Vendor added: Ticket ID: 23
Vendor added: Ticket ID: 24
Vendor added: Ticket ID: 25
Customer purchased: Ticket ID: 13
Vendor added: Ticket ID: 26
Vendor added: Ticket ID: 27
Vendor added: Ticket ID: 28
Vendor added: Ticket ID: 29
Vendor added: Ticket ID: 30
Customer purchased: Ticket ID: 14
Vendor added: Ticket ID: 31
Vendor added: Ticket ID: 32
Vendor added: Ticket ID: 33
Vendor added: Ticket ID: 34
Vendor added: Ticket ID: 35
Customer purchased: Ticket ID: 15
Vendor finished adding tickets.
Customer finished purchasing tickets.
System stopped.
Customer purchased ticket ID: 1
Vendor added ticket ID: 1
System started with configuration: Configuration : {Total Number of Tickets: 5, Ticket Release Rate: 1, Customer Retrieval Rate: 1, Max Ticket Capacity: 10}
System started.
Vendor added ticket ID: 2
Vendor added ticket ID: 3
Vendor added ticket ID: 4
Vendor added ticket ID: 5
Customer purchased ticket ID: 2
Vendor added ticket ID: 6
Vendor added ticket ID: 7
Vendor added ticket ID: 8
Vendor added ticket ID: 9
Vendor added ticket ID: 10
Customer purchased ticket ID: 3
Vendor added ticket ID: 11
Vendor added ticket ID: 12
Vendor added ticket ID: 13
Vendor added ticket ID: 14
Vendor added ticket ID: 15
Customer purchased ticket ID: 4
Vendor added ticket ID: 16
Vendor added ticket ID: 17
Vendor added ticket ID: 18
Vendor added ticket ID: 19
Vendor added ticket ID: 20
Customer purchased ticket ID: 5
Vendor finished adding tickets.
Customer finished ticket purchase.
